<?xml version="1.0" encoding="UTF-8"?>
<!-- Generated by org.testng.reporters.JUnitReportReporter -->
<testsuite hostname="DESKTOP-DURSOOV" name="a.demo2" tests="1" failures="0" timestamp="26 Jun 2019 13:22:36 GMT" time="0.010" errors="0">
  <testcase name="test" time="0.010" classname="a.demo2"/>
</testsuite> <!-- a.demo2 -->
